This is pdfTeX, Version 3.141592653-2.6-1.40.25 (TeX Live 2023/nixos.org) (preloaded format=pdflatex 1980.1.1)  3 MAY 2024 19:37
entering extended mode
 restricted \write18 enabled.
 %&-line parsing enabled.
**math.tex
(./math.tex
LaTeX2e <2023-11-01>
L3 programming layer <2024-01-04>

(/nix/store/ydkf0k2fcj8bb202ynyy5ga02z88rbi3-texlive-combined-2023-texmfdist/te
x/latex/base/article.cls
Document Class: article 2023/05/17 v1.4n Standard LaTeX document class

(/nix/store/ydkf0k2fcj8bb202ynyy5ga02z88rbi3-texlive-combined-2023-texmfdist/te
x/latex/base/size10.clo
File: size10.clo 2023/05/17 v1.4n Standard LaTeX file (size option)
)
\c@part=\count187
\c@section=\count188
\c@subsection=\count189
\c@subsubsection=\count190
\c@paragraph=\count191
\c@subparagraph=\count192
\c@figure=\count193
\c@table=\count194
\abovecaptionskip=\skip48
\belowcaptionskip=\skip49
\bibindent=\dimen140
)
(/nix/store/ydkf0k2fcj8bb202ynyy5ga02z88rbi3-texlive-combined-2023-texmfdist/te
x/latex/amsmath/amsmath.sty
Package: amsmath 2023/05/13 v2.17o AMS math features
\@mathmargin=\skip50

For additional information on amsmath, use the `?' option.

(/nix/store/ydkf0k2fcj8bb202ynyy5ga02z88rbi3-texlive-combined-2023-texmfdist/te
x/latex/amsmath/amstext.sty
Package: amstext 2021/08/26 v2.01 AMS text

(/nix/store/ydkf0k2fcj8bb202ynyy5ga02z88rbi3-texlive-combined-2023-texmfdist/te
x/latex/amsmath/amsgen.sty
File: amsgen.sty 1999/11/30 v2.0 generic functions
\@emptytoks=\toks17
\ex@=\dimen141
))
(/nix/store/ydkf0k2fcj8bb202ynyy5ga02z88rbi3-texlive-combined-2023-texmfdist/te
x/latex/amsmath/amsbsy.sty
Package: amsbsy 1999/11/29 v1.2d Bold Symbols
\pmbraise@=\dimen142
)
(/nix/store/ydkf0k2fcj8bb202ynyy5ga02z88rbi3-texlive-combined-2023-texmfdist/te
x/latex/amsmath/amsopn.sty
Package: amsopn 2022/04/08 v2.04 operator names
)
\inf@bad=\count195
LaTeX Info: Redefining \frac on input line 234.
\uproot@=\count196
\leftroot@=\count197
LaTeX Info: Redefining \overline on input line 399.
LaTeX Info: Redefining \colon on input line 410.
\classnum@=\count198
\DOTSCASE@=\count199
LaTeX Info: Redefining \ldots on input line 496.
LaTeX Info: Redefining \dots on input line 499.
LaTeX Info: Redefining \cdots on input line 620.
\Mathstrutbox@=\box51
\strutbox@=\box52
LaTeX Info: Redefining \big on input line 722.
LaTeX Info: Redefining \Big on input line 723.
LaTeX Info: Redefining \bigg on input line 724.
LaTeX Info: Redefining \Bigg on input line 725.
\big@size=\dimen143
LaTeX Font Info:    Redeclaring font encoding OML on input line 743.
LaTeX Font Info:    Redeclaring font encoding OMS on input line 744.
\macc@depth=\count266
LaTeX Info: Redefining \bmod on input line 905.
LaTeX Info: Redefining \pmod on input line 910.
LaTeX Info: Redefining \smash on input line 940.
LaTeX Info: Redefining \relbar on input line 970.
LaTeX Info: Redefining \Relbar on input line 971.
\c@MaxMatrixCols=\count267
\dotsspace@=\muskip16
\c@parentequation=\count268
\dspbrk@lvl=\count269
\tag@help=\toks18
\row@=\count270
\column@=\count271
\maxfields@=\count272
\andhelp@=\toks19
\eqnshift@=\dimen144
\alignsep@=\dimen145
\tagshift@=\dimen146
\tagwidth@=\dimen147
\totwidth@=\dimen148
\lineht@=\dimen149
\@envbody=\toks20
\multlinegap=\skip51
\multlinetaggap=\skip52
\mathdisplay@stack=\toks21
LaTeX Info: Redefining \[ on input line 2953.
LaTeX Info: Redefining \] on input line 2954.
)
(/nix/store/ydkf0k2fcj8bb202ynyy5ga02z88rbi3-texlive-combined-2023-texmfdist/te
x/latex/pgf/frontendlayer/tikz.sty
(/nix/store/ydkf0k2fcj8bb202ynyy5ga02z88rbi3-texlive-combined-2023-texmfdist/te
x/latex/pgf/basiclayer/pgf.sty
(/nix/store/ydkf0k2fcj8bb202ynyy5ga02z88rbi3-texlive-combined-2023-texmfdist/te
x/latex/pgf/utilities/pgfrcs.sty
(/nix/store/ydkf0k2fcj8bb202ynyy5ga02z88rbi3-texlive-combined-2023-texmfdist/te
x/generic/pgf/utilities/pgfutil-common.tex
\pgfutil@everybye=\toks22
\pgfutil@tempdima=\dimen150
\pgfutil@tempdimb=\dimen151
)
(/nix/store/ydkf0k2fcj8bb202ynyy5ga02z88rbi3-texlive-combined-2023-texmfdist/te
x/generic/pgf/utilities/pgfutil-latex.def
\pgfutil@abb=\box53
)
(/nix/store/ydkf0k2fcj8bb202ynyy5ga02z88rbi3-texlive-combined-2023-texmfdist/te
x/generic/pgf/utilities/pgfrcs.code.tex
(/nix/store/ydkf0k2fcj8bb202ynyy5ga02z88rbi3-texlive-combined-2023-texmfdist/te
x/generic/pgf/pgf.revision.tex)
Package: pgfrcs 2023-01-15 v3.1.10 (3.1.10)
))
Package: pgf 2023-01-15 v3.1.10 (3.1.10)

(/nix/store/ydkf0k2fcj8bb202ynyy5ga02z88rbi3-texlive-combined-2023-texmfdist/te
x/latex/pgf/basiclayer/pgfcore.sty
(/nix/store/ydkf0k2fcj8bb202ynyy5ga02z88rbi3-texlive-combined-2023-texmfdist/te
x/latex/graphics/graphicx.sty
Package: graphicx 2021/09/16 v1.2d Enhanced LaTeX Graphics (DPC,SPQR)

(/nix/store/ydkf0k2fcj8bb202ynyy5ga02z88rbi3-texlive-combined-2023-texmfdist/te
x/latex/graphics/keyval.sty
Package: keyval 2022/05/29 v1.15 key=value parser (DPC)
\KV@toks@=\toks23
)
(/nix/store/ydkf0k2fcj8bb202ynyy5ga02z88rbi3-texlive-combined-2023-texmfdist/te
x/latex/graphics/graphics.sty
Package: graphics 2022/03/10 v1.4e Standard LaTeX Graphics (DPC,SPQR)

(/nix/store/ydkf0k2fcj8bb202ynyy5ga02z88rbi3-texlive-combined-2023-texmfdist/te
x/latex/graphics/trig.sty
Package: trig 2021/08/11 v1.11 sin cos tan (DPC)
)
(/nix/store/ydkf0k2fcj8bb202ynyy5ga02z88rbi3-texlive-combined-2023-texmfdist/te
x/latex/graphics-cfg/graphics.cfg
File: graphics.cfg 2016/06/04 v1.11 sample graphics configuration
)
Package graphics Info: Driver file: pdftex.def on input line 107.

(/nix/store/ydkf0k2fcj8bb202ynyy5ga02z88rbi3-texlive-combined-2023-texmfdist/te
x/latex/graphics-def/pdftex.def
File: pdftex.def 2022/09/22 v1.2b Graphics/color driver for pdftex
))
\Gin@req@height=\dimen152
\Gin@req@width=\dimen153
)
(/nix/store/ydkf0k2fcj8bb202ynyy5ga02z88rbi3-texlive-combined-2023-texmfdist/te
x/latex/pgf/systemlayer/pgfsys.sty
(/nix/store/ydkf0k2fcj8bb202ynyy5ga02z88rbi3-texlive-combined-2023-texmfdist/te
x/generic/pgf/systemlayer/pgfsys.code.tex
Package: pgfsys 2023-01-15 v3.1.10 (3.1.10)

(/nix/store/ydkf0k2fcj8bb202ynyy5ga02z88rbi3-texlive-combined-2023-texmfdist/te
x/generic/pgf/utilities/pgfkeys.code.tex
\pgfkeys@pathtoks=\toks24
\pgfkeys@temptoks=\toks25

(/nix/store/ydkf0k2fcj8bb202ynyy5ga02z88rbi3-texlive-combined-2023-texmfdist/te
x/generic/pgf/utilities/pgfkeyslibraryfiltered.code.tex
\pgfkeys@tmptoks=\toks26
))
\pgf@x=\dimen154
\pgf@y=\dimen155
\pgf@xa=\dimen156
\pgf@ya=\dimen157
\pgf@xb=\dimen158
\pgf@yb=\dimen159
\pgf@xc=\dimen160
\pgf@yc=\dimen161
\pgf@xd=\dimen162
\pgf@yd=\dimen163
\w@pgf@writea=\write3
\r@pgf@reada=\read2
\c@pgf@counta=\count273
\c@pgf@countb=\count274
\c@pgf@countc=\count275
\c@pgf@countd=\count276
\t@pgf@toka=\toks27
\t@pgf@tokb=\toks28
\t@pgf@tokc=\toks29
\pgf@sys@id@count=\count277

(/nix/store/ydkf0k2fcj8bb202ynyy5ga02z88rbi3-texlive-combined-2023-texmfdist/te
x/generic/pgf/systemlayer/pgf.cfg
File: pgf.cfg 2023-01-15 v3.1.10 (3.1.10)
)
Driver file for pgf: pgfsys-pdftex.def

(/nix/store/ydkf0k2fcj8bb202ynyy5ga02z88rbi3-texlive-combined-2023-texmfdist/te
x/generic/pgf/systemlayer/pgfsys-pdftex.def
File: pgfsys-pdftex.def 2023-01-15 v3.1.10 (3.1.10)

(/nix/store/ydkf0k2fcj8bb202ynyy5ga02z88rbi3-texlive-combined-2023-texmfdist/te
x/generic/pgf/systemlayer/pgfsys-common-pdf.def
File: pgfsys-common-pdf.def 2023-01-15 v3.1.10 (3.1.10)
)))
(/nix/store/ydkf0k2fcj8bb202ynyy5ga02z88rbi3-texlive-combined-2023-texmfdist/te
x/generic/pgf/systemlayer/pgfsyssoftpath.code.tex
File: pgfsyssoftpath.code.tex 2023-01-15 v3.1.10 (3.1.10)
\pgfsyssoftpath@smallbuffer@items=\count278
\pgfsyssoftpath@bigbuffer@items=\count279
)
(/nix/store/ydkf0k2fcj8bb202ynyy5ga02z88rbi3-texlive-combined-2023-texmfdist/te
x/generic/pgf/systemlayer/pgfsysprotocol.code.tex
File: pgfsysprotocol.code.tex 2023-01-15 v3.1.10 (3.1.10)
))
(/nix/store/ydkf0k2fcj8bb202ynyy5ga02z88rbi3-texlive-combined-2023-texmfdist/te
x/latex/xcolor/xcolor.sty
Package: xcolor 2023/11/15 v3.01 LaTeX color extensions (UK)

(/nix/store/ydkf0k2fcj8bb202ynyy5ga02z88rbi3-texlive-combined-2023-texmfdist/te
x/latex/graphics-cfg/color.cfg
File: color.cfg 2016/01/02 v1.6 sample color configuration
)
Package xcolor Info: Driver file: pdftex.def on input line 274.

(/nix/store/ydkf0k2fcj8bb202ynyy5ga02z88rbi3-texlive-combined-2023-texmfdist/te
x/latex/graphics/mathcolor.ltx)
Package xcolor Info: Model `cmy' substituted by `cmy0' on input line 1350.
Package xcolor Info: Model `hsb' substituted by `rgb' on input line 1354.
Package xcolor Info: Model `RGB' extended on input line 1366.
Package xcolor Info: Model `HTML' substituted by `rgb' on input line 1368.
Package xcolor Info: Model `Hsb' substituted by `hsb' on input line 1369.
Package xcolor Info: Model `tHsb' substituted by `hsb' on input line 1370.
Package xcolor Info: Model `HSB' substituted by `hsb' on input line 1371.
Package xcolor Info: Model `Gray' substituted by `gray' on input line 1372.
Package xcolor Info: Model `wave' substituted by `hsb' on input line 1373.
)
(/nix/store/ydkf0k2fcj8bb202ynyy5ga02z88rbi3-texlive-combined-2023-texmfdist/te
x/generic/pgf/basiclayer/pgfcore.code.tex
Package: pgfcore 2023-01-15 v3.1.10 (3.1.10)

(/nix/store/ydkf0k2fcj8bb202ynyy5ga02z88rbi3-texlive-combined-2023-texmfdist/te
x/generic/pgf/math/pgfmath.code.tex
(/nix/store/ydkf0k2fcj8bb202ynyy5ga02z88rbi3-texlive-combined-2023-texmfdist/te
x/generic/pgf/math/pgfmathutil.code.tex)
(/nix/store/ydkf0k2fcj8bb202ynyy5ga02z88rbi3-texlive-combined-2023-texmfdist/te
x/generic/pgf/math/pgfmathparser.code.tex
\pgfmath@dimen=\dimen164
\pgfmath@count=\count280
\pgfmath@box=\box54
\pgfmath@toks=\toks30
\pgfmath@stack@operand=\toks31
\pgfmath@stack@operation=\toks32
)
(/nix/store/ydkf0k2fcj8bb202ynyy5ga02z88rbi3-texlive-combined-2023-texmfdist/te
x/generic/pgf/math/pgfmathfunctions.code.tex)
(/nix/store/ydkf0k2fcj8bb202ynyy5ga02z88rbi3-texlive-combined-2023-texmfdist/te
x/generic/pgf/math/pgfmathfunctions.basic.code.tex)
(/nix/store/ydkf0k2fcj8bb202ynyy5ga02z88rbi3-texlive-combined-2023-texmfdist/te
x/generic/pgf/math/pgfmathfunctions.trigonometric.code.tex)
(/nix/store/ydkf0k2fcj8bb202ynyy5ga02z88rbi3-texlive-combined-2023-texmfdist/te
x/generic/pgf/math/pgfmathfunctions.random.code.tex)
(/nix/store/ydkf0k2fcj8bb202ynyy5ga02z88rbi3-texlive-combined-2023-texmfdist/te
x/generic/pgf/math/pgfmathfunctions.comparison.code.tex)
(/nix/store/ydkf0k2fcj8bb202ynyy5ga02z88rbi3-texlive-combined-2023-texmfdist/te
x/generic/pgf/math/pgfmathfunctions.base.code.tex)
(/nix/store/ydkf0k2fcj8bb202ynyy5ga02z88rbi3-texlive-combined-2023-texmfdist/te
x/generic/pgf/math/pgfmathfunctions.round.code.tex)
(/nix/store/ydkf0k2fcj8bb202ynyy5ga02z88rbi3-texlive-combined-2023-texmfdist/te
x/generic/pgf/math/pgfmathfunctions.misc.code.tex)
(/nix/store/ydkf0k2fcj8bb202ynyy5ga02z88rbi3-texlive-combined-2023-texmfdist/te
x/generic/pgf/math/pgfmathfunctions.integerarithmetics.code.tex)
(/nix/store/ydkf0k2fcj8bb202ynyy5ga02z88rbi3-texlive-combined-2023-texmfdist/te
x/generic/pgf/math/pgfmathcalc.code.tex)
(/nix/store/ydkf0k2fcj8bb202ynyy5ga02z88rbi3-texlive-combined-2023-texmfdist/te
x/generic/pgf/math/pgfmathfloat.code.tex
\c@pgfmathroundto@lastzeros=\count281
))
(/nix/store/ydkf0k2fcj8bb202ynyy5ga02z88rbi3-texlive-combined-2023-texmfdist/te
x/generic/pgf/math/pgfint.code.tex)
(/nix/store/ydkf0k2fcj8bb202ynyy5ga02z88rbi3-texlive-combined-2023-texmfdist/te
x/generic/pgf/basiclayer/pgfcorepoints.code.tex
File: pgfcorepoints.code.tex 2023-01-15 v3.1.10 (3.1.10)
\pgf@picminx=\dimen165
\pgf@picmaxx=\dimen166
\pgf@picminy=\dimen167
\pgf@picmaxy=\dimen168
\pgf@pathminx=\dimen169
\pgf@pathmaxx=\dimen170
\pgf@pathminy=\dimen171
\pgf@pathmaxy=\dimen172
\pgf@xx=\dimen173
\pgf@xy=\dimen174
\pgf@yx=\dimen175
\pgf@yy=\dimen176
\pgf@zx=\dimen177
\pgf@zy=\dimen178
)
(/nix/store/ydkf0k2fcj8bb202ynyy5ga02z88rbi3-texlive-combined-2023-texmfdist/te
x/generic/pgf/basiclayer/pgfcorepathconstruct.code.tex
File: pgfcorepathconstruct.code.tex 2023-01-15 v3.1.10 (3.1.10)
\pgf@path@lastx=\dimen179
\pgf@path@lasty=\dimen180
)
(/nix/store/ydkf0k2fcj8bb202ynyy5ga02z88rbi3-texlive-combined-2023-texmfdist/te
x/generic/pgf/basiclayer/pgfcorepathusage.code.tex
File: pgfcorepathusage.code.tex 2023-01-15 v3.1.10 (3.1.10)
\pgf@shorten@end@additional=\dimen181
\pgf@shorten@start@additional=\dimen182
)
(/nix/store/ydkf0k2fcj8bb202ynyy5ga02z88rbi3-texlive-combined-2023-texmfdist/te
x/generic/pgf/basiclayer/pgfcorescopes.code.tex
File: pgfcorescopes.code.tex 2023-01-15 v3.1.10 (3.1.10)
\pgfpic=\box55
\pgf@hbox=\box56
\pgf@layerbox@main=\box57
\pgf@picture@serial@count=\count282
)
(/nix/store/ydkf0k2fcj8bb202ynyy5ga02z88rbi3-texlive-combined-2023-texmfdist/te
x/generic/pgf/basiclayer/pgfcoregraphicstate.code.tex
File: pgfcoregraphicstate.code.tex 2023-01-15 v3.1.10 (3.1.10)
\pgflinewidth=\dimen183
)
(/nix/store/ydkf0k2fcj8bb202ynyy5ga02z88rbi3-texlive-combined-2023-texmfdist/te
x/generic/pgf/basiclayer/pgfcoretransformations.code.tex
File: pgfcoretransformations.code.tex 2023-01-15 v3.1.10 (3.1.10)
\pgf@pt@x=\dimen184
\pgf@pt@y=\dimen185
\pgf@pt@temp=\dimen186
)
(/nix/store/ydkf0k2fcj8bb202ynyy5ga02z88rbi3-texlive-combined-2023-texmfdist/te
x/generic/pgf/basiclayer/pgfcorequick.code.tex
File: pgfcorequick.code.tex 2023-01-15 v3.1.10 (3.1.10)
)
(/nix/store/ydkf0k2fcj8bb202ynyy5ga02z88rbi3-texlive-combined-2023-texmfdist/te
x/generic/pgf/basiclayer/pgfcoreobjects.code.tex
File: pgfcoreobjects.code.tex 2023-01-15 v3.1.10 (3.1.10)
)
(/nix/store/ydkf0k2fcj8bb202ynyy5ga02z88rbi3-texlive-combined-2023-texmfdist/te
x/generic/pgf/basiclayer/pgfcorepathprocessing.code.tex
File: pgfcorepathprocessing.code.tex 2023-01-15 v3.1.10 (3.1.10)
)
(/nix/store/ydkf0k2fcj8bb202ynyy5ga02z88rbi3-texlive-combined-2023-texmfdist/te
x/generic/pgf/basiclayer/pgfcorearrows.code.tex
File: pgfcorearrows.code.tex 2023-01-15 v3.1.10 (3.1.10)
\pgfarrowsep=\dimen187
)
(/nix/store/ydkf0k2fcj8bb202ynyy5ga02z88rbi3-texlive-combined-2023-texmfdist/te
x/generic/pgf/basiclayer/pgfcoreshade.code.tex
File: pgfcoreshade.code.tex 2023-01-15 v3.1.10 (3.1.10)
\pgf@max=\dimen188
\pgf@sys@shading@range@num=\count283
\pgf@shadingcount=\count284
)
(/nix/store/ydkf0k2fcj8bb202ynyy5ga02z88rbi3-texlive-combined-2023-texmfdist/te
x/generic/pgf/basiclayer/pgfcoreimage.code.tex
File: pgfcoreimage.code.tex 2023-01-15 v3.1.10 (3.1.10)
)
(/nix/store/ydkf0k2fcj8bb202ynyy5ga02z88rbi3-texlive-combined-2023-texmfdist/te
x/generic/pgf/basiclayer/pgfcoreexternal.code.tex
File: pgfcoreexternal.code.tex 2023-01-15 v3.1.10 (3.1.10)
\pgfexternal@startupbox=\box58
)
(/nix/store/ydkf0k2fcj8bb202ynyy5ga02z88rbi3-texlive-combined-2023-texmfdist/te
x/generic/pgf/basiclayer/pgfcorelayers.code.tex
File: pgfcorelayers.code.tex 2023-01-15 v3.1.10 (3.1.10)
)
(/nix/store/ydkf0k2fcj8bb202ynyy5ga02z88rbi3-texlive-combined-2023-texmfdist/te
x/generic/pgf/basiclayer/pgfcoretransparency.code.tex
File: pgfcoretransparency.code.tex 2023-01-15 v3.1.10 (3.1.10)
)
(/nix/store/ydkf0k2fcj8bb202ynyy5ga02z88rbi3-texlive-combined-2023-texmfdist/te
x/generic/pgf/basiclayer/pgfcorepatterns.code.tex
File: pgfcorepatterns.code.tex 2023-01-15 v3.1.10 (3.1.10)
)
(/nix/store/ydkf0k2fcj8bb202ynyy5ga02z88rbi3-texlive-combined-2023-texmfdist/te
x/generic/pgf/basiclayer/pgfcorerdf.code.tex
File: pgfcorerdf.code.tex 2023-01-15 v3.1.10 (3.1.10)
)))
(/nix/store/ydkf0k2fcj8bb202ynyy5ga02z88rbi3-texlive-combined-2023-texmfdist/te
x/generic/pgf/modules/pgfmoduleshapes.code.tex
File: pgfmoduleshapes.code.tex 2023-01-15 v3.1.10 (3.1.10)
\pgfnodeparttextbox=\box59
)
(/nix/store/ydkf0k2fcj8bb202ynyy5ga02z88rbi3-texlive-combined-2023-texmfdist/te
x/generic/pgf/modules/pgfmoduleplot.code.tex
File: pgfmoduleplot.code.tex 2023-01-15 v3.1.10 (3.1.10)
)
(/nix/store/ydkf0k2fcj8bb202ynyy5ga02z88rbi3-texlive-combined-2023-texmfdist/te
x/latex/pgf/compatibility/pgfcomp-version-0-65.sty
Package: pgfcomp-version-0-65 2023-01-15 v3.1.10 (3.1.10)
\pgf@nodesepstart=\dimen189
\pgf@nodesepend=\dimen190
)
(/nix/store/ydkf0k2fcj8bb202ynyy5ga02z88rbi3-texlive-combined-2023-texmfdist/te
x/latex/pgf/compatibility/pgfcomp-version-1-18.sty
Package: pgfcomp-version-1-18 2023-01-15 v3.1.10 (3.1.10)
))
(/nix/store/ydkf0k2fcj8bb202ynyy5ga02z88rbi3-texlive-combined-2023-texmfdist/te
x/latex/pgf/utilities/pgffor.sty
(/nix/store/ydkf0k2fcj8bb202ynyy5ga02z88rbi3-texlive-combined-2023-texmfdist/te
x/latex/pgf/utilities/pgfkeys.sty
(/nix/store/ydkf0k2fcj8bb202ynyy5ga02z88rbi3-texlive-combined-2023-texmfdist/te
x/generic/pgf/utilities/pgfkeys.code.tex))
(/nix/store/ydkf0k2fcj8bb202ynyy5ga02z88rbi3-texlive-combined-2023-texmfdist/te
x/latex/pgf/math/pgfmath.sty
(/nix/store/ydkf0k2fcj8bb202ynyy5ga02z88rbi3-texlive-combined-2023-texmfdist/te
x/generic/pgf/math/pgfmath.code.tex))
(/nix/store/ydkf0k2fcj8bb202ynyy5ga02z88rbi3-texlive-combined-2023-texmfdist/te
x/generic/pgf/utilities/pgffor.code.tex
Package: pgffor 2023-01-15 v3.1.10 (3.1.10)
\pgffor@iter=\dimen191
\pgffor@skip=\dimen192
\pgffor@stack=\toks33
\pgffor@toks=\toks34
))
(/nix/store/ydkf0k2fcj8bb202ynyy5ga02z88rbi3-texlive-combined-2023-texmfdist/te
x/generic/pgf/frontendlayer/tikz/tikz.code.tex
Package: tikz 2023-01-15 v3.1.10 (3.1.10)

(/nix/store/ydkf0k2fcj8bb202ynyy5ga02z88rbi3-texlive-combined-2023-texmfdist/te
x/generic/pgf/libraries/pgflibraryplothandlers.code.tex
File: pgflibraryplothandlers.code.tex 2023-01-15 v3.1.10 (3.1.10)
\pgf@plot@mark@count=\count285
\pgfplotmarksize=\dimen193
)
\tikz@lastx=\dimen194
\tikz@lasty=\dimen195
\tikz@lastxsaved=\dimen196
\tikz@lastysaved=\dimen197
\tikz@lastmovetox=\dimen198
\tikz@lastmovetoy=\dimen199
\tikzleveldistance=\dimen256
\tikzsiblingdistance=\dimen257
\tikz@figbox=\box60
\tikz@figbox@bg=\box61
\tikz@tempbox=\box62
\tikz@tempbox@bg=\box63
\tikztreelevel=\count286
\tikznumberofchildren=\count287
\tikznumberofcurrentchild=\count288
\tikz@fig@count=\count289

(/nix/store/ydkf0k2fcj8bb202ynyy5ga02z88rbi3-texlive-combined-2023-texmfdist/te
x/generic/pgf/modules/pgfmodulematrix.code.tex
File: pgfmodulematrix.code.tex 2023-01-15 v3.1.10 (3.1.10)
\pgfmatrixcurrentrow=\count290
\pgfmatrixcurrentcolumn=\count291
\pgf@matrix@numberofcolumns=\count292
)
\tikz@expandcount=\count293

(/nix/store/ydkf0k2fcj8bb202ynyy5ga02z88rbi3-texlive-combined-2023-texmfdist/te
x/generic/pgf/frontendlayer/tikz/libraries/tikzlibrarytopaths.code.tex
File: tikzlibrarytopaths.code.tex 2023-01-15 v3.1.10 (3.1.10)
)))
(/nix/store/ydkf0k2fcj8bb202ynyy5ga02z88rbi3-texlive-combined-2023-texmfdist/te
x/latex/tikz-3dplot/tikz-3dplot.sty
(/nix/store/ydkf0k2fcj8bb202ynyy5ga02z88rbi3-texlive-combined-2023-texmfdist/te
x/latex/base/ifthen.sty
Package: ifthen 2022/04/13 v1.1d Standard LaTeX ifthen package (DPC)
)
(/nix/store/ydkf0k2fcj8bb202ynyy5ga02z88rbi3-texlive-combined-2023-texmfdist/te
x/generic/pgf/frontendlayer/tikz/libraries/tikzlibrarycalc.code.tex
File: tikzlibrarycalc.code.tex 2023-01-15 v3.1.10 (3.1.10)
)
(/nix/store/ydkf0k2fcj8bb202ynyy5ga02z88rbi3-texlive-combined-2023-texmfdist/te
x/generic/pgf/frontendlayer/tikz/libraries/tikzlibrary3d.code.tex
File: tikzlibrary3d.code.tex 2023-01-15 v3.1.10 (3.1.10)
)
(/nix/store/ydkf0k2fcj8bb202ynyy5ga02z88rbi3-texlive-combined-2023-texmfdist/te
x/generic/pgf/frontendlayer/tikz/libraries/tikzlibraryarrows.code.tex
File: tikzlibraryarrows.code.tex 2023-01-15 v3.1.10 (3.1.10)

(/nix/store/ydkf0k2fcj8bb202ynyy5ga02z88rbi3-texlive-combined-2023-texmfdist/te
x/generic/pgf/libraries/pgflibraryarrows.code.tex
File: pgflibraryarrows.code.tex 2023-01-15 v3.1.10 (3.1.10)
\arrowsize=\dimen258
)))
(/nix/store/ydkf0k2fcj8bb202ynyy5ga02z88rbi3-texlive-combined-2023-texmfdist/te
x/generic/pgf/frontendlayer/tikz/libraries/tikzlibraryangles.code.tex
File: tikzlibraryangles.code.tex 2023-01-15 v3.1.10 (3.1.10)
)
(/nix/store/ydkf0k2fcj8bb202ynyy5ga02z88rbi3-texlive-combined-2023-texmfdist/te
x/generic/pgf/frontendlayer/tikz/libraries/tikzlibraryquotes.code.tex
File: tikzlibraryquotes.code.tex 2023-01-15 v3.1.10 (3.1.10)
)
(/nix/store/ydkf0k2fcj8bb202ynyy5ga02z88rbi3-texlive-combined-2023-texmfdist/te
x/latex/l3backend/l3backend-pdftex.def
File: l3backend-pdftex.def 2024-01-04 L3 backend support: PDF output (pdfTeX)
\l__color_backend_stack_int=\count294
\l__pdf_internal_box=\box64
) (./math.aux)
\openout1 = `math.aux'.

LaTeX Font Info:    Checking defaults for OML/cmm/m/it on input line 7.
LaTeX Font Info:    ... okay on input line 7.
LaTeX Font Info:    Checking defaults for OMS/cmsy/m/n on input line 7.
LaTeX Font Info:    ... okay on input line 7.
LaTeX Font Info:    Checking defaults for OT1/cmr/m/n on input line 7.
LaTeX Font Info:    ... okay on input line 7.
LaTeX Font Info:    Checking defaults for T1/cmr/m/n on input line 7.
LaTeX Font Info:    ... okay on input line 7.
LaTeX Font Info:    Checking defaults for TS1/cmr/m/n on input line 7.
LaTeX Font Info:    ... okay on input line 7.
LaTeX Font Info:    Checking defaults for OMX/cmex/m/n on input line 7.
LaTeX Font Info:    ... okay on input line 7.
LaTeX Font Info:    Checking defaults for U/cmr/m/n on input line 7.
LaTeX Font Info:    ... okay on input line 7.

(/nix/store/ydkf0k2fcj8bb202ynyy5ga02z88rbi3-texlive-combined-2023-texmfdist/te
x/context/base/mkii/supp-pdf.mkii
[Loading MPS to PDF converter (version 2006.09.02).]
\scratchcounter=\count295
\scratchdimen=\dimen259
\scratchbox=\box65
\nofMPsegments=\count296
\nofMParguments=\count297
\everyMPshowfont=\toks35
\MPscratchCnt=\count298
\MPscratchDim=\dimen260
\MPnumerator=\count299
\makeMPintoPDFobject=\count300
\everyMPtoPDFconversion=\toks36
)
(/nix/store/ydkf0k2fcj8bb202ynyy5ga02z88rbi3-texlive-combined-2023-texmfdist/te
x/latex/epstopdf-pkg/epstopdf-base.sty
Package: epstopdf-base 2020-01-24 v2.11 Base part for package epstopdf
Package epstopdf-base Info: Redefining graphics rule for `.eps' on input line 4
85.

(/nix/store/ydkf0k2fcj8bb202ynyy5ga02z88rbi3-texlive-combined-2023-texmfdist/te
x/latex/latexconfig/epstopdf-sys.cfg
File: epstopdf-sys.cfg 2010/07/13 v1.3 Configuration of (r)epstopdf for TeX Liv
e
)) [1

{/nix/store/62wm7b35krbnprv3b57dnn9xx8di40wa-texlive-combined-2023/share/texmf-
var/fonts/map/pdftex/updmap/pdftex.map}] [2] [3] [4] [5] [6] [7] (./math.aux)
 ***********
LaTeX2e <2023-11-01>
L3 programming layer <2024-01-04>
 ***********
 ) 
Here is how much of TeX's memory you used:
 13615 strings out of 476126
 292180 string characters out of 5790901
 1956525 words of memory out of 5000000
 35456 multiletter control sequences out of 15000+600000
 563153 words of font info for 54 fonts, out of 8000000 for 9000
 14 hyphenation exceptions out of 8191
 102i,22n,107p,436b,1011s stack positions out of 10000i,1000n,20000p,200000b,200000s
</nix/store/ydkf0k2fcj8bb202ynyy5ga02z88rbi3-texlive-combined-2023-texmfdist/
fonts/type1/public/amsfonts/cm/cmbx10.pfb></nix/store/ydkf0k2fcj8bb202ynyy5ga02
z88rbi3-texlive-combined-2023-texmfdist/fonts/type1/public/amsfonts/cm/cmbx12.p
fb></nix/store/ydkf0k2fcj8bb202ynyy5ga02z88rbi3-texlive-combined-2023-texmfdist
/fonts/type1/public/amsfonts/cm/cmex10.pfb></nix/store/ydkf0k2fcj8bb202ynyy5ga0
2z88rbi3-texlive-combined-2023-texmfdist/fonts/type1/public/amsfonts/cm/cmmi10.
pfb></nix/store/ydkf0k2fcj8bb202ynyy5ga02z88rbi3-texlive-combined-2023-texmfdis
t/fonts/type1/public/amsfonts/cm/cmmi12.pfb></nix/store/ydkf0k2fcj8bb202ynyy5ga
02z88rbi3-texlive-combined-2023-texmfdist/fonts/type1/public/amsfonts/cm/cmmi5.
pfb></nix/store/ydkf0k2fcj8bb202ynyy5ga02z88rbi3-texlive-combined-2023-texmfdis
t/fonts/type1/public/amsfonts/cm/cmmi7.pfb></nix/store/ydkf0k2fcj8bb202ynyy5ga0
2z88rbi3-texlive-combined-2023-texmfdist/fonts/type1/public/amsfonts/cm/cmr10.p
fb></nix/store/ydkf0k2fcj8bb202ynyy5ga02z88rbi3-texlive-combined-2023-texmfdist
/fonts/type1/public/amsfonts/cm/cmr12.pfb></nix/store/ydkf0k2fcj8bb202ynyy5ga02
z88rbi3-texlive-combined-2023-texmfdist/fonts/type1/public/amsfonts/cm/cmr5.pfb
></nix/store/ydkf0k2fcj8bb202ynyy5ga02z88rbi3-texlive-combined-2023-texmfdist/f
onts/type1/public/amsfonts/cm/cmr7.pfb></nix/store/ydkf0k2fcj8bb202ynyy5ga02z88
rbi3-texlive-combined-2023-texmfdist/fonts/type1/public/amsfonts/cm/cmr8.pfb></
nix/store/ydkf0k2fcj8bb202ynyy5ga02z88rbi3-texlive-combined-2023-texmfdist/font
s/type1/public/amsfonts/cm/cmsy10.pfb></nix/store/ydkf0k2fcj8bb202ynyy5ga02z88r
bi3-texlive-combined-2023-texmfdist/fonts/type1/public/amsfonts/cm/cmsy7.pfb>
Output written on math.pdf (7 pages, 162663 bytes).
PDF statistics:
 101 PDF objects out of 1000 (max. 8388607)
 63 compressed objects within 1 object stream
 0 named destinations out of 1000 (max. 500000)
 13 words of extra memory for PDF output out of 10000 (max. 10000000)

